<?xml version="1.0" encoding="UTF-8"?>
<!-- Generated by org.testng.reporters.JUnitReportReporter -->
<testsuite skipped="0" hostname="IBM-Testing01" name="com.training.sanity.tests.MediumTestNG" tests="1" failures="0" timestamp="12 Feb 2020 18:02:06 GMT" time="30.434" errors="0">
  <testcase name="MediumTest" time="30.434" classname="com.training.sanity.tests.MediumTestNG"/>
</testsuite> <!-- com.training.sanity.tests.MediumTestNG -->
