<?xml version="1.0" encoding="UTF-8"?>
<!-- Generated by org.testng.reporters.JUnitReportReporter -->
<testsuite skipped="0" hostname="IBM-Testing01" name="mytestcase.MineTestcase" tests="4" failures="0" timestamp="13 Feb 2020 06:55:03 GMT" time="2.529" errors="0">
  <testcase name="clickedLogin" time="1.503" classname="mytestcase.MineTestcase"/>
  <testcase name="account" time="0.121" classname="mytestcase.MineTestcase"/>
  <testcase name="manage" time="0.407" classname="mytestcase.MineTestcase"/>
  <testcase name="Payment" time="0.498" classname="mytestcase.MineTestcase"/>
</testsuite> <!-- mytestcase.MineTestcase -->
