<?xml version="1.0" encoding="UTF-8"?>
<!-- Generated by org.testng.reporters.JUnitReportReporter -->
<testsuite skipped="0" hostname="IBM-Testing01" name="com.training.sanity.tests.ComplexTest" tests="1" failures="0" timestamp="14 Feb 2020 07:11:42 GMT" time="18.702" errors="0">
  <testcase name="Step1" time="18.702" classname="com.training.sanity.tests.ComplexTest"/>
</testsuite> <!-- com.training.sanity.tests.ComplexTest -->
