<?xml version="1.0" encoding="UTF-8"?>
<!-- Generated by org.testng.reporters.JUnitReportReporter -->
<testsuite skipped="0" hostname="IBM-Testing01" name="com.training.sanity.tests.MemPayView" tests="1" failures="0" timestamp="13 Feb 2020 06:21:45 GMT" time="22.281" errors="0">
  <testcase name="Step1" time="22.281" classname="com.training.sanity.tests.MemPayView"/>
</testsuite> <!-- com.training.sanity.tests.MemPayView -->
