<?xml version="1.0" encoding="UTF-8"?>
<!-- Generated by org.testng.reporters.JUnitReportReporter -->
<testsuite skipped="0" hostname="IBM-Testing01" name="com.training.sanity.tests.MemPayView" tests="1" failures="0" timestamp="14 Feb 2020 03:28:44 GMT" time="18.317" errors="0">
  <testcase name="Step1" time="18.317" classname="com.training.sanity.tests.MemPayView"/>
</testsuite> <!-- com.training.sanity.tests.MemPayView -->
