<?xml version="1.0" encoding="UTF-8"?>
<!-- Generated by org.testng.reporters.JUnitReportReporter -->
<testsuite skipped="0" hostname="IBM-Testing01" name="com.training.sanity.tests.AddAdmin" tests="1" failures="0" timestamp="14 Feb 2020 03:51:49 GMT" time="18.071" errors="0">
  <testcase name="Step1" time="18.071" classname="com.training.sanity.tests.AddAdmin"/>
</testsuite> <!-- com.training.sanity.tests.AddAdmin -->
