<?xml version="1.0" encoding="UTF-8"?>
<!-- Generated by org.testng.reporters.JUnitReportReporter -->
<testsuite skipped="0" hostname="IBM-Testing01" name="com.training.sanity.tests.MediumTest1" tests="1" failures="0" timestamp="17 Feb 2020 11:07:18 GMT" time="18.276" errors="0">
  <testcase name="validLoginTest" time="18.276" classname="com.training.sanity.tests.MediumTest1"/>
</testsuite> <!-- com.training.sanity.tests.MediumTest1 -->
