<?xml version="1.0" encoding="UTF-8"?>
<!-- Generated by org.testng.reporters.JUnitReportReporter -->
<testsuite skipped="0" hostname="IBM-Testing01" name="com.training.sanity.tests.Filter" tests="1" failures="0" timestamp="15 Feb 2020 09:42:50 GMT" time="20.215" errors="0">
  <testcase name="validLoginTest" time="20.215" classname="com.training.sanity.tests.Filter"/>
</testsuite> <!-- com.training.sanity.tests.Filter -->
