<?xml version="1.0" encoding="UTF-8"?>
<!-- Generated by org.testng.reporters.JUnitReportReporter -->
<testsuite skipped="0" hostname="IBM-Testing01" name="com.training.sanity.tests.ComplexTest" tests="3" failures="0" timestamp="17 Feb 2020 12:50:32 GMT" time="49.940" errors="0">
  <testcase name="ComplexTesto" time="17.568" classname="com.training.sanity.tests.ComplexTest"/>
  <testcase name="ComplexTesto" time="16.366" classname="com.training.sanity.tests.ComplexTest"/>
  <testcase name="ComplexTesto" time="16.006" classname="com.training.sanity.tests.ComplexTest"/>
</testsuite> <!-- com.training.sanity.tests.ComplexTest -->
