<?xml version="1.0" encoding="UTF-8"?>
<!-- Generated by org.testng.reporters.JUnitReportReporter -->
<testsuite skipped="0" hostname="IBM-Testing01" name="com.training.sanity.tests.ContactsPaymentTest" tests="3" failures="0" timestamp="17 Feb 2020 10:45:11 GMT" time="59.735" errors="0">
  <testcase name="contactsPayment" time="18.544" classname="com.training.sanity.tests.ContactsPaymentTest"/>
  <testcase name="contactsPayment" time="22.013" classname="com.training.sanity.tests.ContactsPaymentTest"/>
  <testcase name="contactsPayment" time="19.178" classname="com.training.sanity.tests.ContactsPaymentTest"/>
</testsuite> <!-- com.training.sanity.tests.ContactsPaymentTest -->
