<?xml version="1.0" encoding="UTF-8"?>
<!-- Generated by org.testng.reporters.JUnitReportReporter -->
<testsuite skipped="0" hostname="IBM-Testing01" name="com.training.sanity.tests.Filter" tests="1" failures="0" timestamp="12 Feb 2020 10:47:54 GMT" time="23.315" errors="0">
  <testcase name="validLoginTest" time="23.315" classname="com.training.sanity.tests.Filter"/>
</testsuite> <!-- com.training.sanity.tests.Filter -->
