<?xml version="1.0" encoding="UTF-8"?>
<!-- Generated by org.testng.reporters.JUnitReportReporter -->
<testsuite skipped="1" hostname="IBM-Testing01" name="com.training.regression.tests.LoginExcelTest" tests="1" failures="0" timestamp="15 Feb 2020 16:28:02 GMT" time="0.000" errors="0">
  <testcase name="loginDBTest" time="0.000" classname="com.training.regression.tests.LoginExcelTest">
    <skipped/>
  </testcase> <!-- loginDBTest -->
</testsuite> <!-- com.training.regression.tests.LoginExcelTest -->
