<?xml version="1.0" encoding="UTF-8"?>
<!-- Generated by org.testng.reporters.JUnitReportReporter -->
<testsuite skipped="0" hostname="IBM-Testing01" name="com.training.sanity.tests.Complex" tests="1" failures="0" timestamp="15 Feb 2020 10:08:49 GMT" time="36.096" errors="0">
  <testcase name="validLoginTest" time="36.096" classname="com.training.sanity.tests.Complex"/>
</testsuite> <!-- com.training.sanity.tests.Complex -->
