<?xml version="1.0" encoding="UTF-8"?>
<!-- Generated by org.testng.reporters.JUnitReportReporter -->
<testsuite skipped="0" hostname="IBM-Testing01" name="com.training.sanity.tests.Filter" tests="1" failures="0" timestamp="13 Feb 2020 04:56:12 GMT" time="18.996" errors="0">
  <testcase name="validLoginTest" time="18.996" classname="com.training.sanity.tests.Filter"/>
</testsuite> <!-- com.training.sanity.tests.Filter -->
