<?xml version="1.0" encoding="UTF-8"?>
<!-- Generated by org.testng.reporters.JUnitReportReporter -->
<testsuite skipped="0" hostname="IBM-Testing01" name="com.training.sanity.tests.MediumTest1" tests="1" failures="0" timestamp="15 Feb 2020 16:23:34 GMT" time="16.594" errors="0">
  <testcase name="validLoginTest" time="16.594" classname="com.training.sanity.tests.MediumTest1"/>
</testsuite> <!-- com.training.sanity.tests.MediumTest1 -->
