<?xml version="1.0" encoding="UTF-8"?>
<!-- Generated by org.testng.reporters.JUnitReportReporter -->
<testsuite skipped="0" hostname="IBM-Testing01" name="com.training.sanity.tests.MessageVerify" tests="1" failures="0" timestamp="12 Feb 2020 15:19:04 GMT" time="20.731" errors="0">
  <testcase name="messageVerify" time="20.731" classname="com.training.sanity.tests.MessageVerify"/>
</testsuite> <!-- com.training.sanity.tests.MessageVerify -->
